[debug] [2021-02-26T09:44:53.716Z] ----------------------------------------------------------------------
[debug] [2021-02-26T09:44:53.723Z] Command:       C:\Program Files\nodejs\node.exe C:\Users\Ideliverphones\AppData\Roaming\npm\node_modules\firebase-tools\lib\bin\firebase.js deploy --only functions
[debug] [2021-02-26T09:44:53.724Z] CLI Version:   9.5.0
[debug] [2021-02-26T09:44:53.724Z] Platform:      win32
[debug] [2021-02-26T09:44:53.725Z] Node Version:  v14.16.0
[debug] [2021-02-26T09:44:53.727Z] Time:          Fri Feb 26 2021 04:44:53 GMT-0500 (Eastern Standard Time)
[debug] [2021-02-26T09:44:53.728Z] ----------------------------------------------------------------------
[debug] [2021-02-26T09:44:53.728Z] 
[debug] [2021-02-26T09:44:53.753Z] > command requires scopes: ["email","openid","https://www.googleapis.com/auth/cloudplatformprojects.readonly","https://www.googleapis.com/auth/firebase","https://www.googleapis.com/auth/cloud-platform"]
[debug] [2021-02-26T09:44:53.755Z] > authorizing via signed-in user
[debug] [2021-02-26T09:44:53.755Z] [iam] checking project med-tel-plus for permissions ["cloudfunctions.functions.create","cloudfunctions.functions.delete","cloudfunctions.functions.get","cloudfunctions.functions.list","cloudfunctions.functions.update","cloudfunctions.operations.get","firebase.projects.get"]
[debug] [2021-02-26T09:44:53.763Z] >>> HTTP REQUEST POST https://cloudresourcemanager.googleapis.com/v1/projects/med-tel-plus:testIamPermissions  
 {"permissions":["cloudfunctions.functions.create","cloudfunctions.functions.delete","cloudfunctions.functions.get","cloudfunctions.functions.list","cloudfunctions.functions.update","cloudfunctions.operations.get","firebase.projects.get"]}
[debug] [2021-02-26T09:44:54.113Z] <<< HTTP RESPONSE 200 {"content-type":"application/json; charset=UTF-8","vary":"X-Origin, Referer, Origin,Accept-Encoding","date":"Fri, 26 Feb 2021 09:44:54 GMT","server":"ESF","cache-control":"private","x-xss-protection":"0","x-frame-options":"SAMEORIGIN","x-content-type-options":"nosniff","server-timing":"gfet4t7; dur=45","alt-svc":"h3-29=\":443\"; ma=2592000,h3-T051=\":443\"; ma=2592000,h3-Q050=\":443\"; ma=2592000,h3-Q046=\":443\"; ma=2592000,h3-Q043=\":443\"; ma=2592000,quic=\":443\"; ma=2592000; v=\"46,43\"","accept-ranges":"none","transfer-encoding":"chunked"}
[debug] [2021-02-26T09:44:54.118Z] >>> HTTP REQUEST POST https://iam.googleapis.com/v1/projects/med-tel-plus/serviceAccounts/med-tel-plus@appspot.gserviceaccount.com:testIamPermissions  
 {"permissions":["iam.serviceAccounts.actAs"]}
[debug] [2021-02-26T09:44:54.379Z] <<< HTTP RESPONSE 200 {"content-type":"application/json; charset=UTF-8","vary":"X-Origin, Referer, Origin,Accept-Encoding","date":"Fri, 26 Feb 2021 09:44:54 GMT","server":"ESF","cache-control":"private","x-xss-protection":"0","x-frame-options":"SAMEORIGIN","x-content-type-options":"nosniff","alt-svc":"h3-29=\":443\"; ma=2592000,h3-T051=\":443\"; ma=2592000,h3-Q050=\":443\"; ma=2592000,h3-Q046=\":443\"; ma=2592000,h3-Q043=\":443\"; ma=2592000,quic=\":443\"; ma=2592000; v=\"46,43\"","accept-ranges":"none","transfer-encoding":"chunked"}
[warn] !  functions: package.json indicates an outdated version of firebase-functions.
Please upgrade using npm install --save firebase-functions@latest in your functions directory. 
[info] 
[info] === Deploying to 'med-tel-plus'...
[info] 
[info] i  deploying functions 
[info] Running command: npm --prefix "$RESOURCE_DIR" run lint
